CRITICAL - 2022-06-16 02:37:10 --> Undefined variable: data_pend
#0 D:\wamp64\www\ichimember\app\Views\member\profilemember.php(63): CodeIgniter\Debug\Exceptions->errorHandler(8, 'Undefined varia...', 'D:\\wamp64\\www\\i...', 63, Array)
#1 D:\wamp64\www\ichimember\system\View\View.php(210): include('D:\\wamp64\\www\\i...')
#2 D:\wamp64\www\ichimember\system\View\View.php(213): CodeIgniter\View\View->CodeIgniter\View\{closure}()
#3 D:\wamp64\www\ichimember\system\Common.php(1089): CodeIgniter\View\View->render('member/profilem...', Array, true)
#4 D:\wamp64\www\ichimember\app\Controllers\Mananggota.php(366): view('member/profilem...', Array)
#5 D:\wamp64\www\ichimember\system\CodeIgniter.php(832): App\Controllers\Mananggota->profile('1')
#6 D:\wamp64\www\ichimember\system\CodeIgniter.php(419): CodeIgniter\CodeIgniter->runController(Object(App\Controllers\Mananggota))
#7 D:\wamp64\www\ichimember\system\CodeIgniter.php(326): CodeIgniter\CodeIgniter->handleRequest(NULL, Object(Config\Cache), false)
#8 D:\wamp64\www\ichimember\public\index.php(37): CodeIgniter\CodeIgniter->run()
#9 {main}
CRITICAL - 2022-06-16 10:08:11 --> Undefined variable: user_id
#0 D:\wamp64\www\ichimember\app\Views\member\template.php(227): CodeIgniter\Debug\Exceptions->errorHandler(8, 'Undefined varia...', 'D:\\wamp64\\www\\i...', 227, Array)
#1 D:\wamp64\www\ichimember\system\View\View.php(210): include('D:\\wamp64\\www\\i...')
#2 D:\wamp64\www\ichimember\system\View\View.php(213): CodeIgniter\View\View->CodeIgniter\View\{closure}()
#3 D:\wamp64\www\ichimember\system\View\View.php(226): CodeIgniter\View\View->render('member/template', Array, true)
#4 D:\wamp64\www\ichimember\system\Common.php(1089): CodeIgniter\View\View->render('member/profile', Array, true)
#5 D:\wamp64\www\ichimember\app\Controllers\Anggota.php(93): view('member/profile', Array)
#6 D:\wamp64\www\ichimember\system\CodeIgniter.php(832): App\Controllers\Anggota->profile()
#7 D:\wamp64\www\ichimember\system\CodeIgniter.php(419): CodeIgniter\CodeIgniter->runController(Object(App\Controllers\Anggota))
#8 D:\wamp64\www\ichimember\system\CodeIgniter.php(326): CodeIgniter\CodeIgniter->handleRequest(NULL, Object(Config\Cache), false)
#9 D:\wamp64\www\ichimember\public\index.php(37): CodeIgniter\CodeIgniter->run()
#10 {main}
CRITICAL - 2022-06-16 10:09:35 --> Undefined variable: user_id
#0 D:\wamp64\www\ichimember\app\Views\member\template.php(227): CodeIgniter\Debug\Exceptions->errorHandler(8, 'Undefined varia...', 'D:\\wamp64\\www\\i...', 227, Array)
#1 D:\wamp64\www\ichimember\system\View\View.php(210): include('D:\\wamp64\\www\\i...')
#2 D:\wamp64\www\ichimember\system\View\View.php(213): CodeIgniter\View\View->CodeIgniter\View\{closure}()
#3 D:\wamp64\www\ichimember\system\View\View.php(226): CodeIgniter\View\View->render('member/template', Array, true)
#4 D:\wamp64\www\ichimember\system\Common.php(1089): CodeIgniter\View\View->render('member/profile', Array, true)
#5 D:\wamp64\www\ichimember\app\Controllers\Anggota.php(93): view('member/profile', Array)
#6 D:\wamp64\www\ichimember\system\CodeIgniter.php(832): App\Controllers\Anggota->profile()
#7 D:\wamp64\www\ichimember\system\CodeIgniter.php(419): CodeIgniter\CodeIgniter->runController(Object(App\Controllers\Anggota))
#8 D:\wamp64\www\ichimember\system\CodeIgniter.php(326): CodeIgniter\CodeIgniter->handleRequest(NULL, Object(Config\Cache), false)
#9 D:\wamp64\www\ichimember\public\index.php(37): CodeIgniter\CodeIgniter->run()
#10 {main}
CRITICAL - 2022-06-16 10:09:55 --> Undefined variable: user_id
#0 D:\wamp64\www\ichimember\app\Views\member\template.php(227): CodeIgniter\Debug\Exceptions->errorHandler(8, 'Undefined varia...', 'D:\\wamp64\\www\\i...', 227, Array)
#1 D:\wamp64\www\ichimember\system\View\View.php(210): include('D:\\wamp64\\www\\i...')
#2 D:\wamp64\www\ichimember\system\View\View.php(213): CodeIgniter\View\View->CodeIgniter\View\{closure}()
#3 D:\wamp64\www\ichimember\system\View\View.php(226): CodeIgniter\View\View->render('member/template', Array, true)
#4 D:\wamp64\www\ichimember\system\Common.php(1089): CodeIgniter\View\View->render('member/pendidik...', Array, true)
#5 D:\wamp64\www\ichimember\app\Controllers\Pendidikan.php(29): view('member/pendidik...', Array)
#6 D:\wamp64\www\ichimember\system\CodeIgniter.php(832): App\Controllers\Pendidikan->index()
#7 D:\wamp64\www\ichimember\system\CodeIgniter.php(419): CodeIgniter\CodeIgniter->runController(Object(App\Controllers\Pendidikan))
#8 D:\wamp64\www\ichimember\system\CodeIgniter.php(326): CodeIgniter\CodeIgniter->handleRequest(NULL, Object(Config\Cache), false)
#9 D:\wamp64\www\ichimember\public\index.php(37): CodeIgniter\CodeIgniter->run()
#10 {main}
CRITICAL - 2022-06-16 10:12:12 --> Undefined variable: user_id
#0 D:\wamp64\www\ichimember\app\Views\member\template.php(227): CodeIgniter\Debug\Exceptions->errorHandler(8, 'Undefined varia...', 'D:\\wamp64\\www\\i...', 227, Array)
#1 D:\wamp64\www\ichimember\system\View\View.php(210): include('D:\\wamp64\\www\\i...')
#2 D:\wamp64\www\ichimember\system\View\View.php(213): CodeIgniter\View\View->CodeIgniter\View\{closure}()
#3 D:\wamp64\www\ichimember\system\View\View.php(226): CodeIgniter\View\View->render('member/template', Array, true)
#4 D:\wamp64\www\ichimember\system\Common.php(1089): CodeIgniter\View\View->render('member/mananggo...', Array, true)
#5 D:\wamp64\www\ichimember\app\Controllers\Mananggota.php(33): view('member/mananggo...', Array)
#6 D:\wamp64\www\ichimember\system\CodeIgniter.php(832): App\Controllers\Mananggota->index()
#7 D:\wamp64\www\ichimember\system\CodeIgniter.php(419): CodeIgniter\CodeIgniter->runController(Object(App\Controllers\Mananggota))
#8 D:\wamp64\www\ichimember\system\CodeIgniter.php(326): CodeIgniter\CodeIgniter->handleRequest(NULL, Object(Config\Cache), false)
#9 D:\wamp64\www\ichimember\public\index.php(37): CodeIgniter\CodeIgniter->run()
#10 {main}
CRITICAL - 2022-06-16 10:13:20 --> Undefined variable: user_id
#0 D:\wamp64\www\ichimember\app\Views\member\template.php(227): CodeIgniter\Debug\Exceptions->errorHandler(8, 'Undefined varia...', 'D:\\wamp64\\www\\i...', 227, Array)
#1 D:\wamp64\www\ichimember\system\View\View.php(210): include('D:\\wamp64\\www\\i...')
#2 D:\wamp64\www\ichimember\system\View\View.php(213): CodeIgniter\View\View->CodeIgniter\View\{closure}()
#3 D:\wamp64\www\ichimember\system\View\View.php(226): CodeIgniter\View\View->render('member/template', Array, true)
#4 D:\wamp64\www\ichimember\system\Common.php(1089): CodeIgniter\View\View->render('member/pendidik...', Array, true)
#5 D:\wamp64\www\ichimember\app\Controllers\Pendidikan.php(29): view('member/pendidik...', Array)
#6 D:\wamp64\www\ichimember\system\CodeIgniter.php(832): App\Controllers\Pendidikan->index()
#7 D:\wamp64\www\ichimember\system\CodeIgniter.php(419): CodeIgniter\CodeIgniter->runController(Object(App\Controllers\Pendidikan))
#8 D:\wamp64\www\ichimember\system\CodeIgniter.php(326): CodeIgniter\CodeIgniter->handleRequest(NULL, Object(Config\Cache), false)
#9 D:\wamp64\www\ichimember\public\index.php(37): CodeIgniter\CodeIgniter->run()
#10 {main}
CRITICAL - 2022-06-16 10:39:56 --> Undefined variable: user_id
#0 D:\wamp64\www\ichimember\app\Views\member\template.php(227): CodeIgniter\Debug\Exceptions->errorHandler(8, 'Undefined varia...', 'D:\\wamp64\\www\\i...', 227, Array)
#1 D:\wamp64\www\ichimember\system\View\View.php(210): include('D:\\wamp64\\www\\i...')
#2 D:\wamp64\www\ichimember\system\View\View.php(213): CodeIgniter\View\View->CodeIgniter\View\{closure}()
#3 D:\wamp64\www\ichimember\system\View\View.php(226): CodeIgniter\View\View->render('member/template', Array, true)
#4 D:\wamp64\www\ichimember\system\Common.php(1089): CodeIgniter\View\View->render('member/profilem...', Array, true)
#5 D:\wamp64\www\ichimember\app\Controllers\Mananggota.php(367): view('member/profilem...', Array)
#6 D:\wamp64\www\ichimember\system\CodeIgniter.php(832): App\Controllers\Mananggota->profile('1')
#7 D:\wamp64\www\ichimember\system\CodeIgniter.php(419): CodeIgniter\CodeIgniter->runController(Object(App\Controllers\Mananggota))
#8 D:\wamp64\www\ichimember\system\CodeIgniter.php(326): CodeIgniter\CodeIgniter->handleRequest(NULL, Object(Config\Cache), false)
#9 D:\wamp64\www\ichimember\public\index.php(37): CodeIgniter\CodeIgniter->run()
#10 {main}
CRITICAL - 2022-06-16 10:51:15 --> Undefined variable: namalengkap
#0 D:\wamp64\www\ichimember\app\Views\member\profilemember.php(32): CodeIgniter\Debug\Exceptions->errorHandler(8, 'Undefined varia...', 'D:\\wamp64\\www\\i...', 32, Array)
#1 D:\wamp64\www\ichimember\system\View\View.php(210): include('D:\\wamp64\\www\\i...')
#2 D:\wamp64\www\ichimember\system\View\View.php(213): CodeIgniter\View\View->CodeIgniter\View\{closure}()
#3 D:\wamp64\www\ichimember\system\Common.php(1089): CodeIgniter\View\View->render('member/profilem...', Array, true)
#4 D:\wamp64\www\ichimember\app\Controllers\Mananggota.php(368): view('member/profilem...', Array)
#5 D:\wamp64\www\ichimember\system\CodeIgniter.php(832): App\Controllers\Mananggota->profile('1')
#6 D:\wamp64\www\ichimember\system\CodeIgniter.php(419): CodeIgniter\CodeIgniter->runController(Object(App\Controllers\Mananggota))
#7 D:\wamp64\www\ichimember\system\CodeIgniter.php(326): CodeIgniter\CodeIgniter->handleRequest(NULL, Object(Config\Cache), false)
#8 D:\wamp64\www\ichimember\public\index.php(37): CodeIgniter\CodeIgniter->run()
#9 {main}
CRITICAL - 2022-06-16 10:53:14 --> Call to undefined function format_indo()
#0 D:\wamp64\www\ichimember\system\View\View.php(210): include()
#1 D:\wamp64\www\ichimember\system\View\View.php(213): CodeIgniter\View\View->CodeIgniter\View\{closure}()
#2 D:\wamp64\www\ichimember\system\Common.php(1089): CodeIgniter\View\View->render('member/profilem...', Array, true)
#3 D:\wamp64\www\ichimember\app\Controllers\Mananggota.php(368): view('member/profilem...', Array)
#4 D:\wamp64\www\ichimember\system\CodeIgniter.php(832): App\Controllers\Mananggota->profile('1')
#5 D:\wamp64\www\ichimember\system\CodeIgniter.php(419): CodeIgniter\CodeIgniter->runController(Object(App\Controllers\Mananggota))
#6 D:\wamp64\www\ichimember\system\CodeIgniter.php(326): CodeIgniter\CodeIgniter->handleRequest(NULL, Object(Config\Cache), false)
#7 D:\wamp64\www\ichimember\public\index.php(37): CodeIgniter\CodeIgniter->run()
#8 {main}
CRITICAL - 2022-06-16 22:54:04 --> Undefined variable: gender
#0 D:\wamp64\www\ichimember\app\Views\member\profilemember.php(44): CodeIgniter\Debug\Exceptions->errorHandler(8, 'Undefined varia...', 'D:\\wamp64\\www\\i...', 44, Array)
#1 D:\wamp64\www\ichimember\system\View\View.php(210): include('D:\\wamp64\\www\\i...')
#2 D:\wamp64\www\ichimember\system\View\View.php(213): CodeIgniter\View\View->CodeIgniter\View\{closure}()
#3 D:\wamp64\www\ichimember\system\Common.php(1089): CodeIgniter\View\View->render('member/profilem...', Array, true)
#4 D:\wamp64\www\ichimember\app\Controllers\Mananggota.php(369): view('member/profilem...', Array)
#5 D:\wamp64\www\ichimember\system\CodeIgniter.php(832): App\Controllers\Mananggota->profile('1')
#6 D:\wamp64\www\ichimember\system\CodeIgniter.php(419): CodeIgniter\CodeIgniter->runController(Object(App\Controllers\Mananggota))
#7 D:\wamp64\www\ichimember\system\CodeIgniter.php(326): CodeIgniter\CodeIgniter->handleRequest(NULL, Object(Config\Cache), false)
#8 D:\wamp64\www\ichimember\public\index.php(37): CodeIgniter\CodeIgniter->run()
#9 {main}
CRITICAL - 2022-06-16 11:36:51 --> Too few arguments to function App\Controllers\Mananggota::profile(), 0 passed in D:\wamp64\www\ichimember\system\CodeIgniter.php on line 832 and exactly 1 expected
#0 D:\wamp64\www\ichimember\system\CodeIgniter.php(832): App\Controllers\Mananggota->profile()
#1 D:\wamp64\www\ichimember\system\CodeIgniter.php(419): CodeIgniter\CodeIgniter->runController(Object(App\Controllers\Mananggota))
#2 D:\wamp64\www\ichimember\system\CodeIgniter.php(326): CodeIgniter\CodeIgniter->handleRequest(NULL, Object(Config\Cache), false)
#3 D:\wamp64\www\ichimember\public\index.php(37): CodeIgniter\CodeIgniter->run()
#4 {main}
CRITICAL - 2022-06-16 11:37:18 --> Too few arguments to function App\Controllers\Mananggota::profile(), 0 passed in D:\wamp64\www\ichimember\system\CodeIgniter.php on line 832 and exactly 1 expected
#0 D:\wamp64\www\ichimember\system\CodeIgniter.php(832): App\Controllers\Mananggota->profile()
#1 D:\wamp64\www\ichimember\system\CodeIgniter.php(419): CodeIgniter\CodeIgniter->runController(Object(App\Controllers\Mananggota))
#2 D:\wamp64\www\ichimember\system\CodeIgniter.php(326): CodeIgniter\CodeIgniter->handleRequest(NULL, Object(Config\Cache), false)
#3 D:\wamp64\www\ichimember\public\index.php(37): CodeIgniter\CodeIgniter->run()
#4 {main}
CRITICAL - 2022-06-16 22:36:06 --> Illegal string offset 'tempatlahir'
#0 D:\wamp64\www\ichimember\app\Views\member\profilemember.php(27): CodeIgniter\Debug\Exceptions->errorHandler(2, 'Illegal string ...', 'D:\\wamp64\\www\\i...', 27, Array)
#1 D:\wamp64\www\ichimember\system\View\View.php(210): include('D:\\wamp64\\www\\i...')
#2 D:\wamp64\www\ichimember\system\View\View.php(213): CodeIgniter\View\View->CodeIgniter\View\{closure}()
#3 D:\wamp64\www\ichimember\system\Common.php(1089): CodeIgniter\View\View->render('member/profilem...', Array, true)
#4 D:\wamp64\www\ichimember\app\Controllers\Mananggota.php(370): view('member/profilem...', Array)
#5 D:\wamp64\www\ichimember\system\CodeIgniter.php(832): App\Controllers\Mananggota->profile('2')
#6 D:\wamp64\www\ichimember\system\CodeIgniter.php(419): CodeIgniter\CodeIgniter->runController(Object(App\Controllers\Mananggota))
#7 D:\wamp64\www\ichimember\system\CodeIgniter.php(326): CodeIgniter\CodeIgniter->handleRequest(NULL, Object(Config\Cache), false)
#8 D:\wamp64\www\ichimember\public\index.php(37): CodeIgniter\CodeIgniter->run()
#9 {main}
CRITICAL - 2022-06-16 22:36:31 --> Illegal string offset 'tempatlahir'
#0 D:\wamp64\www\ichimember\app\Views\member\profilemember.php(27): CodeIgniter\Debug\Exceptions->errorHandler(2, 'Illegal string ...', 'D:\\wamp64\\www\\i...', 27, Array)
#1 D:\wamp64\www\ichimember\system\View\View.php(210): include('D:\\wamp64\\www\\i...')
#2 D:\wamp64\www\ichimember\system\View\View.php(213): CodeIgniter\View\View->CodeIgniter\View\{closure}()
#3 D:\wamp64\www\ichimember\system\Common.php(1089): CodeIgniter\View\View->render('member/profilem...', Array, true)
#4 D:\wamp64\www\ichimember\app\Controllers\Mananggota.php(370): view('member/profilem...', Array)
#5 D:\wamp64\www\ichimember\system\CodeIgniter.php(832): App\Controllers\Mananggota->profile('4')
#6 D:\wamp64\www\ichimember\system\CodeIgniter.php(419): CodeIgniter\CodeIgniter->runController(Object(App\Controllers\Mananggota))
#7 D:\wamp64\www\ichimember\system\CodeIgniter.php(326): CodeIgniter\CodeIgniter->handleRequest(NULL, Object(Config\Cache), false)
#8 D:\wamp64\www\ichimember\public\index.php(37): CodeIgniter\CodeIgniter->run()
#9 {main}
CRITICAL - 2022-06-16 22:37:15 --> Illegal string offset 'tempatlahir'
#0 D:\wamp64\www\ichimember\app\Views\member\profilemember.php(27): CodeIgniter\Debug\Exceptions->errorHandler(2, 'Illegal string ...', 'D:\\wamp64\\www\\i...', 27, Array)
#1 D:\wamp64\www\ichimember\system\View\View.php(210): include('D:\\wamp64\\www\\i...')
#2 D:\wamp64\www\ichimember\system\View\View.php(213): CodeIgniter\View\View->CodeIgniter\View\{closure}()
#3 D:\wamp64\www\ichimember\system\Common.php(1089): CodeIgniter\View\View->render('member/profilem...', Array, true)
#4 D:\wamp64\www\ichimember\app\Controllers\Mananggota.php(370): view('member/profilem...', Array)
#5 D:\wamp64\www\ichimember\system\CodeIgniter.php(832): App\Controllers\Mananggota->profile('4')
#6 D:\wamp64\www\ichimember\system\CodeIgniter.php(419): CodeIgniter\CodeIgniter->runController(Object(App\Controllers\Mananggota))
#7 D:\wamp64\www\ichimember\system\CodeIgniter.php(326): CodeIgniter\CodeIgniter->handleRequest(NULL, Object(Config\Cache), false)
#8 D:\wamp64\www\ichimember\public\index.php(37): CodeIgniter\CodeIgniter->run()
#9 {main}
CRITICAL - 2022-06-16 22:44:44 --> Illegal string offset 'tempatlahir'
#0 D:\wamp64\www\ichimember\app\Views\member\profilemember.php(30): CodeIgniter\Debug\Exceptions->errorHandler(2, 'Illegal string ...', 'D:\\wamp64\\www\\i...', 30, Array)
#1 D:\wamp64\www\ichimember\system\View\View.php(210): include('D:\\wamp64\\www\\i...')
#2 D:\wamp64\www\ichimember\system\View\View.php(213): CodeIgniter\View\View->CodeIgniter\View\{closure}()
#3 D:\wamp64\www\ichimember\system\Common.php(1089): CodeIgniter\View\View->render('member/profilem...', Array, true)
#4 D:\wamp64\www\ichimember\app\Controllers\Mananggota.php(370): view('member/profilem...', Array)
#5 D:\wamp64\www\ichimember\system\CodeIgniter.php(832): App\Controllers\Mananggota->profile('4')
#6 D:\wamp64\www\ichimember\system\CodeIgniter.php(419): CodeIgniter\CodeIgniter->runController(Object(App\Controllers\Mananggota))
#7 D:\wamp64\www\ichimember\system\CodeIgniter.php(326): CodeIgniter\CodeIgniter->handleRequest(NULL, Object(Config\Cache), false)
#8 D:\wamp64\www\ichimember\public\index.php(37): CodeIgniter\CodeIgniter->run()
#9 {main}
CRITICAL - 2022-06-16 22:44:55 --> Illegal string offset 'tempatlahir'
#0 D:\wamp64\www\ichimember\app\Views\member\profilemember.php(30): CodeIgniter\Debug\Exceptions->errorHandler(2, 'Illegal string ...', 'D:\\wamp64\\www\\i...', 30, Array)
#1 D:\wamp64\www\ichimember\system\View\View.php(210): include('D:\\wamp64\\www\\i...')
#2 D:\wamp64\www\ichimember\system\View\View.php(213): CodeIgniter\View\View->CodeIgniter\View\{closure}()
#3 D:\wamp64\www\ichimember\system\Common.php(1089): CodeIgniter\View\View->render('member/profilem...', Array, true)
#4 D:\wamp64\www\ichimember\app\Controllers\Mananggota.php(370): view('member/profilem...', Array)
#5 D:\wamp64\www\ichimember\system\CodeIgniter.php(832): App\Controllers\Mananggota->profile('4')
#6 D:\wamp64\www\ichimember\system\CodeIgniter.php(419): CodeIgniter\CodeIgniter->runController(Object(App\Controllers\Mananggota))
#7 D:\wamp64\www\ichimember\system\CodeIgniter.php(326): CodeIgniter\CodeIgniter->handleRequest(NULL, Object(Config\Cache), false)
#8 D:\wamp64\www\ichimember\public\index.php(37): CodeIgniter\CodeIgniter->run()
#9 {main}
CRITICAL - 2022-06-16 22:45:53 --> Illegal string offset 'tempatlahir'
#0 D:\wamp64\www\ichimember\app\Views\member\profilemember.php(30): CodeIgniter\Debug\Exceptions->errorHandler(2, 'Illegal string ...', 'D:\\wamp64\\www\\i...', 30, Array)
#1 D:\wamp64\www\ichimember\system\View\View.php(210): include('D:\\wamp64\\www\\i...')
#2 D:\wamp64\www\ichimember\system\View\View.php(213): CodeIgniter\View\View->CodeIgniter\View\{closure}()
#3 D:\wamp64\www\ichimember\system\Common.php(1089): CodeIgniter\View\View->render('member/profilem...', Array, true)
#4 D:\wamp64\www\ichimember\app\Controllers\Mananggota.php(371): view('member/profilem...', Array)
#5 D:\wamp64\www\ichimember\system\CodeIgniter.php(832): App\Controllers\Mananggota->profile('4')
#6 D:\wamp64\www\ichimember\system\CodeIgniter.php(419): CodeIgniter\CodeIgniter->runController(Object(App\Controllers\Mananggota))
#7 D:\wamp64\www\ichimember\system\CodeIgniter.php(326): CodeIgniter\CodeIgniter->handleRequest(NULL, Object(Config\Cache), false)
#8 D:\wamp64\www\ichimember\public\index.php(37): CodeIgniter\CodeIgniter->run()
#9 {main}
CRITICAL - 2022-06-16 22:47:17 --> Illegal string offset 'tempatlahir'
#0 D:\wamp64\www\ichimember\app\Views\member\profilemember.php(30): CodeIgniter\Debug\Exceptions->errorHandler(2, 'Illegal string ...', 'D:\\wamp64\\www\\i...', 30, Array)
#1 D:\wamp64\www\ichimember\system\View\View.php(210): include('D:\\wamp64\\www\\i...')
#2 D:\wamp64\www\ichimember\system\View\View.php(213): CodeIgniter\View\View->CodeIgniter\View\{closure}()
#3 D:\wamp64\www\ichimember\system\Common.php(1089): CodeIgniter\View\View->render('member/profilem...', Array, true)
#4 D:\wamp64\www\ichimember\app\Controllers\Mananggota.php(370): view('member/profilem...', Array)
#5 D:\wamp64\www\ichimember\system\CodeIgniter.php(832): App\Controllers\Mananggota->profile('4')
#6 D:\wamp64\www\ichimember\system\CodeIgniter.php(419): CodeIgniter\CodeIgniter->runController(Object(App\Controllers\Mananggota))
#7 D:\wamp64\www\ichimember\system\CodeIgniter.php(326): CodeIgniter\CodeIgniter->handleRequest(NULL, Object(Config\Cache), false)
#8 D:\wamp64\www\ichimember\public\index.php(37): CodeIgniter\CodeIgniter->run()
#9 {main}
