CRITICAL - 2022-06-10 02:34:11 --> Undefined variable: tipe_user
#0 D:\wamp64\www\ichimember\app\Views\member\template.php(51): CodeIgniter\Debug\Exceptions->errorHandler(8, 'Undefined varia...', 'D:\\wamp64\\www\\i...', 51, Array)
#1 D:\wamp64\www\ichimember\system\View\View.php(210): include('D:\\wamp64\\www\\i...')
#2 D:\wamp64\www\ichimember\system\View\View.php(213): CodeIgniter\View\View->CodeIgniter\View\{closure}()
#3 D:\wamp64\www\ichimember\system\View\View.php(226): CodeIgniter\View\View->render('member/template', Array, true)
#4 D:\wamp64\www\ichimember\system\Common.php(1089): CodeIgniter\View\View->render('member/pendidik...', Array, true)
#5 D:\wamp64\www\ichimember\app\Controllers\Pendidikan.php(26): view('member/pendidik...', Array)
#6 D:\wamp64\www\ichimember\system\CodeIgniter.php(832): App\Controllers\Pendidikan->index()
#7 D:\wamp64\www\ichimember\system\CodeIgniter.php(419): CodeIgniter\CodeIgniter->runController(Object(App\Controllers\Pendidikan))
#8 D:\wamp64\www\ichimember\system\CodeIgniter.php(326): CodeIgniter\CodeIgniter->handleRequest(NULL, Object(Config\Cache), false)
#9 D:\wamp64\www\ichimember\public\index.php(37): CodeIgniter\CodeIgniter->run()
#10 {main}
CRITICAL - 2022-06-10 02:35:57 --> Undefined variable: confirm
#0 D:\wamp64\www\ichimember\app\Views\member\template.php(168): CodeIgniter\Debug\Exceptions->errorHandler(8, 'Undefined varia...', 'D:\\wamp64\\www\\i...', 168, Array)
#1 D:\wamp64\www\ichimember\system\View\View.php(210): include('D:\\wamp64\\www\\i...')
#2 D:\wamp64\www\ichimember\system\View\View.php(213): CodeIgniter\View\View->CodeIgniter\View\{closure}()
#3 D:\wamp64\www\ichimember\system\View\View.php(226): CodeIgniter\View\View->render('member/template', Array, true)
#4 D:\wamp64\www\ichimember\system\Common.php(1089): CodeIgniter\View\View->render('member/pendidik...', Array, true)
#5 D:\wamp64\www\ichimember\app\Controllers\Pendidikan.php(27): view('member/pendidik...', Array)
#6 D:\wamp64\www\ichimember\system\CodeIgniter.php(832): App\Controllers\Pendidikan->index()
#7 D:\wamp64\www\ichimember\system\CodeIgniter.php(419): CodeIgniter\CodeIgniter->runController(Object(App\Controllers\Pendidikan))
#8 D:\wamp64\www\ichimember\system\CodeIgniter.php(326): CodeIgniter\CodeIgniter->handleRequest(NULL, Object(Config\Cache), false)
#9 D:\wamp64\www\ichimember\public\index.php(37): CodeIgniter\CodeIgniter->run()
#10 {main}
CRITICAL - 2022-06-10 02:36:57 --> Undefined variable: tipe_user
#0 D:\wamp64\www\ichimember\app\Views\member\template.php(51): CodeIgniter\Debug\Exceptions->errorHandler(8, 'Undefined varia...', 'D:\\wamp64\\www\\i...', 51, Array)
#1 D:\wamp64\www\ichimember\system\View\View.php(210): include('D:\\wamp64\\www\\i...')
#2 D:\wamp64\www\ichimember\system\View\View.php(213): CodeIgniter\View\View->CodeIgniter\View\{closure}()
#3 D:\wamp64\www\ichimember\system\View\View.php(226): CodeIgniter\View\View->render('member/template', Array, true)
#4 D:\wamp64\www\ichimember\system\Common.php(1089): CodeIgniter\View\View->render('member/pengkerj...', Array, true)
#5 D:\wamp64\www\ichimember\app\Controllers\Pengkerja.php(26): view('member/pengkerj...', Array)
#6 D:\wamp64\www\ichimember\system\CodeIgniter.php(832): App\Controllers\Pengkerja->index()
#7 D:\wamp64\www\ichimember\system\CodeIgniter.php(419): CodeIgniter\CodeIgniter->runController(Object(App\Controllers\Pengkerja))
#8 D:\wamp64\www\ichimember\system\CodeIgniter.php(326): CodeIgniter\CodeIgniter->handleRequest(NULL, Object(Config\Cache), false)
#9 D:\wamp64\www\ichimember\public\index.php(37): CodeIgniter\CodeIgniter->run()
#10 {main}
CRITICAL - 2022-06-10 02:38:53 --> Undefined variable: tipe_user
#0 D:\wamp64\www\ichimember\app\Views\member\template.php(51): CodeIgniter\Debug\Exceptions->errorHandler(8, 'Undefined varia...', 'D:\\wamp64\\www\\i...', 51, Array)
#1 D:\wamp64\www\ichimember\system\View\View.php(210): include('D:\\wamp64\\www\\i...')
#2 D:\wamp64\www\ichimember\system\View\View.php(213): CodeIgniter\View\View->CodeIgniter\View\{closure}()
#3 D:\wamp64\www\ichimember\system\View\View.php(226): CodeIgniter\View\View->render('member/template', Array, true)
#4 D:\wamp64\www\ichimember\system\Common.php(1089): CodeIgniter\View\View->render('member/organisa...', Array, true)
#5 D:\wamp64\www\ichimember\app\Controllers\Organisasi.php(26): view('member/organisa...', Array)
#6 D:\wamp64\www\ichimember\system\CodeIgniter.php(832): App\Controllers\Organisasi->index()
#7 D:\wamp64\www\ichimember\system\CodeIgniter.php(419): CodeIgniter\CodeIgniter->runController(Object(App\Controllers\Organisasi))
#8 D:\wamp64\www\ichimember\system\CodeIgniter.php(326): CodeIgniter\CodeIgniter->handleRequest(NULL, Object(Config\Cache), false)
#9 D:\wamp64\www\ichimember\public\index.php(37): CodeIgniter\CodeIgniter->run()
#10 {main}
CRITICAL - 2022-06-10 03:24:25 --> Undefined variable: tipe_user
#0 D:\wamp64\www\ichimember\app\Views\member\dashboard.php(53): CodeIgniter\Debug\Exceptions->errorHandler(8, 'Undefined varia...', 'D:\\wamp64\\www\\i...', 53, Array)
#1 D:\wamp64\www\ichimember\system\View\View.php(210): include('D:\\wamp64\\www\\i...')
#2 D:\wamp64\www\ichimember\system\View\View.php(213): CodeIgniter\View\View->CodeIgniter\View\{closure}()
#3 D:\wamp64\www\ichimember\system\Common.php(1089): CodeIgniter\View\View->render('member/dashboar...', Array, true)
#4 D:\wamp64\www\ichimember\app\Controllers\Anggota.php(45): view('member/dashboar...', Array)
#5 D:\wamp64\www\ichimember\system\CodeIgniter.php(832): App\Controllers\Anggota->index()
#6 D:\wamp64\www\ichimember\system\CodeIgniter.php(419): CodeIgniter\CodeIgniter->runController(Object(App\Controllers\Anggota))
#7 D:\wamp64\www\ichimember\system\CodeIgniter.php(326): CodeIgniter\CodeIgniter->handleRequest(NULL, Object(Config\Cache), false)
#8 D:\wamp64\www\ichimember\public\index.php(37): CodeIgniter\CodeIgniter->run()
#9 {main}
CRITICAL - 2022-06-10 03:27:07 --> Undefined variable: role
#0 D:\wamp64\www\ichimember\app\Views\main\template.php(99): CodeIgniter\Debug\Exceptions->errorHandler(8, 'Undefined varia...', 'D:\\wamp64\\www\\i...', 99, Array)
#1 D:\wamp64\www\ichimember\system\View\View.php(210): include('D:\\wamp64\\www\\i...')
#2 D:\wamp64\www\ichimember\system\View\View.php(213): CodeIgniter\View\View->CodeIgniter\View\{closure}()
#3 D:\wamp64\www\ichimember\system\View\View.php(226): CodeIgniter\View\View->render('main/template', Array, true)
#4 D:\wamp64\www\ichimember\system\Common.php(1089): CodeIgniter\View\View->render('main/dashboard1', Array, true)
#5 D:\wamp64\www\ichimember\app\Controllers\Home.php(16): view('main/dashboard1', Array)
#6 D:\wamp64\www\ichimember\system\CodeIgniter.php(832): App\Controllers\Home->index()
#7 D:\wamp64\www\ichimember\system\CodeIgniter.php(419): CodeIgniter\CodeIgniter->runController(Object(App\Controllers\Home))
#8 D:\wamp64\www\ichimember\system\CodeIgniter.php(326): CodeIgniter\CodeIgniter->handleRequest(NULL, Object(Config\Cache), false)
#9 D:\wamp64\www\ichimember\public\index.php(37): CodeIgniter\CodeIgniter->run()
#10 {main}
CRITICAL - 2022-06-10 03:27:39 --> Undefined variable: role
#0 D:\wamp64\www\ichimember\app\Views\main\template.php(99): CodeIgniter\Debug\Exceptions->errorHandler(8, 'Undefined varia...', 'D:\\wamp64\\www\\i...', 99, Array)
#1 D:\wamp64\www\ichimember\system\View\View.php(210): include('D:\\wamp64\\www\\i...')
#2 D:\wamp64\www\ichimember\system\View\View.php(213): CodeIgniter\View\View->CodeIgniter\View\{closure}()
#3 D:\wamp64\www\ichimember\system\View\View.php(226): CodeIgniter\View\View->render('main/template', Array, true)
#4 D:\wamp64\www\ichimember\system\Common.php(1089): CodeIgniter\View\View->render('main/dashboard1', Array, true)
#5 D:\wamp64\www\ichimember\app\Controllers\Home.php(17): view('main/dashboard1', Array)
#6 D:\wamp64\www\ichimember\system\CodeIgniter.php(832): App\Controllers\Home->index()
#7 D:\wamp64\www\ichimember\system\CodeIgniter.php(419): CodeIgniter\CodeIgniter->runController(Object(App\Controllers\Home))
#8 D:\wamp64\www\ichimember\system\CodeIgniter.php(326): CodeIgniter\CodeIgniter->handleRequest(NULL, Object(Config\Cache), false)
#9 D:\wamp64\www\ichimember\public\index.php(37): CodeIgniter\CodeIgniter->run()
#10 {main}
CRITICAL - 2022-06-10 03:28:56 --> Undefined variable: tipe_user
#0 D:\wamp64\www\ichimember\app\Views\member\dashboard.php(53): CodeIgniter\Debug\Exceptions->errorHandler(8, 'Undefined varia...', 'D:\\wamp64\\www\\i...', 53, Array)
#1 D:\wamp64\www\ichimember\system\View\View.php(210): include('D:\\wamp64\\www\\i...')
#2 D:\wamp64\www\ichimember\system\View\View.php(213): CodeIgniter\View\View->CodeIgniter\View\{closure}()
#3 D:\wamp64\www\ichimember\system\Common.php(1089): CodeIgniter\View\View->render('member/dashboar...', Array, true)
#4 D:\wamp64\www\ichimember\app\Controllers\Superadmin.php(50): view('member/dashboar...', Array)
#5 D:\wamp64\www\ichimember\system\CodeIgniter.php(832): App\Controllers\Superadmin->index()
#6 D:\wamp64\www\ichimember\system\CodeIgniter.php(419): CodeIgniter\CodeIgniter->runController(Object(App\Controllers\Superadmin))
#7 D:\wamp64\www\ichimember\system\CodeIgniter.php(326): CodeIgniter\CodeIgniter->handleRequest(NULL, Object(Config\Cache), false)
#8 D:\wamp64\www\ichimember\public\index.php(37): CodeIgniter\CodeIgniter->run()
#9 {main}
CRITICAL - 2022-06-10 03:31:46 --> Undefined variable: tipe_user
#0 D:\wamp64\www\ichimember\app\Views\member\ubahperan.php(12): CodeIgniter\Debug\Exceptions->errorHandler(8, 'Undefined varia...', 'D:\\wamp64\\www\\i...', 12, Array)
#1 D:\wamp64\www\ichimember\system\View\View.php(210): include('D:\\wamp64\\www\\i...')
#2 D:\wamp64\www\ichimember\system\View\View.php(213): CodeIgniter\View\View->CodeIgniter\View\{closure}()
#3 D:\wamp64\www\ichimember\system\Common.php(1089): CodeIgniter\View\View->render('member/ubahpera...', Array, true)
#4 D:\wamp64\www\ichimember\app\Controllers\Anggota.php(779): view('member/ubahpera...', Array)
#5 D:\wamp64\www\ichimember\system\CodeIgniter.php(832): App\Controllers\Anggota->ubahrole()
#6 D:\wamp64\www\ichimember\system\CodeIgniter.php(419): CodeIgniter\CodeIgniter->runController(Object(App\Controllers\Anggota))
#7 D:\wamp64\www\ichimember\system\CodeIgniter.php(326): CodeIgniter\CodeIgniter->handleRequest(NULL, Object(Config\Cache), false)
#8 D:\wamp64\www\ichimember\public\index.php(37): CodeIgniter\CodeIgniter->run()
#9 {main}
CRITICAL - 2022-06-10 03:34:28 --> Undefined variable: tipe_user
#0 D:\wamp64\www\ichimember\app\Views\member\template.php(180): CodeIgniter\Debug\Exceptions->errorHandler(8, 'Undefined varia...', 'D:\\wamp64\\www\\i...', 180, Array)
#1 D:\wamp64\www\ichimember\system\View\View.php(210): include('D:\\wamp64\\www\\i...')
#2 D:\wamp64\www\ichimember\system\View\View.php(213): CodeIgniter\View\View->CodeIgniter\View\{closure}()
#3 D:\wamp64\www\ichimember\system\View\View.php(226): CodeIgniter\View\View->render('member/template', Array, true)
#4 D:\wamp64\www\ichimember\system\Common.php(1089): CodeIgniter\View\View->render('member/profile', Array, true)
#5 D:\wamp64\www\ichimember\app\Controllers\Anggota.php(91): view('member/profile', Array)
#6 D:\wamp64\www\ichimember\system\CodeIgniter.php(832): App\Controllers\Anggota->profile()
#7 D:\wamp64\www\ichimember\system\CodeIgniter.php(419): CodeIgniter\CodeIgniter->runController(Object(App\Controllers\Anggota))
#8 D:\wamp64\www\ichimember\system\CodeIgniter.php(326): CodeIgniter\CodeIgniter->handleRequest(NULL, Object(Config\Cache), false)
#9 D:\wamp64\www\ichimember\public\index.php(37): CodeIgniter\CodeIgniter->run()
#10 {main}
CRITICAL - 2022-06-10 03:36:00 --> Undefined variable: tipe_user
#0 D:\wamp64\www\ichimember\app\Views\member\template.php(180): CodeIgniter\Debug\Exceptions->errorHandler(8, 'Undefined varia...', 'D:\\wamp64\\www\\i...', 180, Array)
#1 D:\wamp64\www\ichimember\system\View\View.php(210): include('D:\\wamp64\\www\\i...')
#2 D:\wamp64\www\ichimember\system\View\View.php(213): CodeIgniter\View\View->CodeIgniter\View\{closure}()
#3 D:\wamp64\www\ichimember\system\View\View.php(226): CodeIgniter\View\View->render('member/template', Array, true)
#4 D:\wamp64\www\ichimember\system\Common.php(1089): CodeIgniter\View\View->render('member/pendidik...', Array, true)
#5 D:\wamp64\www\ichimember\app\Controllers\Pendidikan.php(28): view('member/pendidik...', Array)
#6 D:\wamp64\www\ichimember\system\CodeIgniter.php(832): App\Controllers\Pendidikan->index()
#7 D:\wamp64\www\ichimember\system\CodeIgniter.php(419): CodeIgniter\CodeIgniter->runController(Object(App\Controllers\Pendidikan))
#8 D:\wamp64\www\ichimember\system\CodeIgniter.php(326): CodeIgniter\CodeIgniter->handleRequest(NULL, Object(Config\Cache), false)
#9 D:\wamp64\www\ichimember\public\index.php(37): CodeIgniter\CodeIgniter->run()
#10 {main}
CRITICAL - 2022-06-10 03:49:37 --> Object of class CodeIgniter\Session\Session could not be converted to string
#0 D:\wamp64\www\ichimember\system\View\View.php(210): include()
#1 D:\wamp64\www\ichimember\system\View\View.php(213): CodeIgniter\View\View->CodeIgniter\View\{closure}()
#2 D:\wamp64\www\ichimember\system\Common.php(1089): CodeIgniter\View\View->render('member/ubahpera...', Array, true)
#3 D:\wamp64\www\ichimember\app\Controllers\Anggota.php(790): view('member/ubahpera...', Array)
#4 D:\wamp64\www\ichimember\system\CodeIgniter.php(832): App\Controllers\Anggota->ubahrole()
#5 D:\wamp64\www\ichimember\system\CodeIgniter.php(419): CodeIgniter\CodeIgniter->runController(Object(App\Controllers\Anggota))
#6 D:\wamp64\www\ichimember\system\CodeIgniter.php(326): CodeIgniter\CodeIgniter->handleRequest(NULL, Object(Config\Cache), false)
#7 D:\wamp64\www\ichimember\public\index.php(37): CodeIgniter\CodeIgniter->run()
#8 {main}
CRITICAL - 2022-06-10 03:49:58 --> Object of class CodeIgniter\Session\Session could not be converted to string
#0 D:\wamp64\www\ichimember\system\View\View.php(210): include()
#1 D:\wamp64\www\ichimember\system\View\View.php(213): CodeIgniter\View\View->CodeIgniter\View\{closure}()
#2 D:\wamp64\www\ichimember\system\Common.php(1089): CodeIgniter\View\View->render('member/ubahpera...', Array, true)
#3 D:\wamp64\www\ichimember\app\Controllers\Anggota.php(790): view('member/ubahpera...', Array)
#4 D:\wamp64\www\ichimember\system\CodeIgniter.php(832): App\Controllers\Anggota->ubahrole()
#5 D:\wamp64\www\ichimember\system\CodeIgniter.php(419): CodeIgniter\CodeIgniter->runController(Object(App\Controllers\Anggota))
#6 D:\wamp64\www\ichimember\system\CodeIgniter.php(326): CodeIgniter\CodeIgniter->handleRequest(NULL, Object(Config\Cache), false)
#7 D:\wamp64\www\ichimember\public\index.php(37): CodeIgniter\CodeIgniter->run()
#8 {main}
