CRITICAL - 2022-06-17 00:32:54 --> Undefined variable: data_dpr
#0 D:\wamp64\www\ichimember\app\Views\member\tambahmembervalid.php(34): CodeIgniter\Debug\Exceptions->errorHandler(8, 'Undefined varia...', 'D:\\wamp64\\www\\i...', 34, Array)
#1 D:\wamp64\www\ichimember\system\View\View.php(210): include('D:\\wamp64\\www\\i...')
#2 D:\wamp64\www\ichimember\system\View\View.php(213): CodeIgniter\View\View->CodeIgniter\View\{closure}()
#3 D:\wamp64\www\ichimember\system\Common.php(1089): CodeIgniter\View\View->render('member/tambahme...', Array, true)
#4 D:\wamp64\www\ichimember\app\Controllers\Mananggota.php(154): view('member/tambahme...', Array)
#5 D:\wamp64\www\ichimember\system\CodeIgniter.php(832): App\Controllers\Mananggota->tambahmemberproses()
#6 D:\wamp64\www\ichimember\system\CodeIgniter.php(419): CodeIgniter\CodeIgniter->runController(Object(App\Controllers\Mananggota))
#7 D:\wamp64\www\ichimember\system\CodeIgniter.php(326): CodeIgniter\CodeIgniter->handleRequest(NULL, Object(Config\Cache), false)
#8 D:\wamp64\www\ichimember\public\index.php(37): CodeIgniter\CodeIgniter->run()
#9 {main}
ERROR - 2022-06-17 08:07:34 --> Column 'dpr_id' in where clause is ambiguous
CRITICAL - 2022-06-17 08:07:34 --> Column 'dpr_id' in where clause is ambiguous
#0 D:\wamp64\www\ichimember\system\Database\MySQLi\Connection.php(292): mysqli->query('SELECT *\nFROM `...', 0)
#1 D:\wamp64\www\ichimember\system\Database\BaseConnection.php(670): CodeIgniter\Database\MySQLi\Connection->execute('SELECT *\nFROM `...')
#2 D:\wamp64\www\ichimember\system\Database\BaseConnection.php(598): CodeIgniter\Database\BaseConnection->simpleQuery('SELECT *\nFROM `...')
#3 D:\wamp64\www\ichimember\system\Database\BaseBuilder.php(1455): CodeIgniter\Database\BaseConnection->query('SELECT *\nFROM `...', Array, false)
#4 D:\wamp64\www\ichimember\system\Model.php(183): CodeIgniter\Database\BaseBuilder->get()
#5 D:\wamp64\www\ichimember\system\BaseModel.php(584): CodeIgniter\Model->doFindAll(0, 0)
#6 D:\wamp64\www\ichimember\app\Controllers\Anggotadpr.php(23): CodeIgniter\BaseModel->findAll()
#7 D:\wamp64\www\ichimember\system\CodeIgniter.php(832): App\Controllers\Anggotadpr->index()
#8 D:\wamp64\www\ichimember\system\CodeIgniter.php(419): CodeIgniter\CodeIgniter->runController(Object(App\Controllers\Anggotadpr))
#9 D:\wamp64\www\ichimember\system\CodeIgniter.php(326): CodeIgniter\CodeIgniter->handleRequest(NULL, Object(Config\Cache), false)
#10 D:\wamp64\www\ichimember\public\index.php(37): CodeIgniter\CodeIgniter->run()
#11 {main}
CRITICAL - 2022-06-17 08:16:57 --> Undefined variable: dpr_id
#0 D:\wamp64\www\ichimember\app\Controllers\Mananggota.php(26): CodeIgniter\Debug\Exceptions->errorHandler(8, 'Undefined varia...', 'D:\\wamp64\\www\\i...', 26, Array)
#1 D:\wamp64\www\ichimember\system\CodeIgniter.php(832): App\Controllers\Mananggota->index()
#2 D:\wamp64\www\ichimember\system\CodeIgniter.php(419): CodeIgniter\CodeIgniter->runController(Object(App\Controllers\Mananggota))
#3 D:\wamp64\www\ichimember\system\CodeIgniter.php(326): CodeIgniter\CodeIgniter->handleRequest(NULL, Object(Config\Cache), false)
#4 D:\wamp64\www\ichimember\public\index.php(37): CodeIgniter\CodeIgniter->run()
#5 {main}
CRITICAL - 2022-06-17 09:20:20 --> syntax error, unexpected end of file
#0 D:\wamp64\www\ichimember\system\View\View.php(213): CodeIgniter\View\View->CodeIgniter\View\{closure}()
#1 D:\wamp64\www\ichimember\system\Common.php(1089): CodeIgniter\View\View->render('member/infodpr', Array, true)
#2 D:\wamp64\www\ichimember\app\Controllers\Infodpr.php(28): view('member/infodpr', Array)
#3 D:\wamp64\www\ichimember\system\CodeIgniter.php(832): App\Controllers\Infodpr->index()
#4 D:\wamp64\www\ichimember\system\CodeIgniter.php(419): CodeIgniter\CodeIgniter->runController(Object(App\Controllers\Infodpr))
#5 D:\wamp64\www\ichimember\system\CodeIgniter.php(326): CodeIgniter\CodeIgniter->handleRequest(NULL, Object(Config\Cache), false)
#6 D:\wamp64\www\ichimember\public\index.php(37): CodeIgniter\CodeIgniter->run()
#7 {main}
CRITICAL - 2022-06-17 09:35:22 --> Invalid file: member/ubahinfodpr.php
#0 D:\wamp64\www\ichimember\system\View\View.php(198): CodeIgniter\Exceptions\FrameworkException::forInvalidFile('member/ubahinfo...')
#1 D:\wamp64\www\ichimember\system\Common.php(1089): CodeIgniter\View\View->render('member/ubahinfo...', Array, true)
#2 D:\wamp64\www\ichimember\app\Controllers\Infodpr.php(58): view('member/ubahinfo...', Array)
#3 D:\wamp64\www\ichimember\system\CodeIgniter.php(832): App\Controllers\Infodpr->ubahdpr('1')
#4 D:\wamp64\www\ichimember\system\CodeIgniter.php(419): CodeIgniter\CodeIgniter->runController(Object(App\Controllers\Infodpr))
#5 D:\wamp64\www\ichimember\system\CodeIgniter.php(326): CodeIgniter\CodeIgniter->handleRequest(NULL, Object(Config\Cache), false)
#6 D:\wamp64\www\ichimember\public\index.php(37): CodeIgniter\CodeIgniter->run()
#7 {main}
