CRITICAL - 2022-06-06 09:04:11 --> Call to undefined function App\Controllers\where()
#0 D:\wamp64\www\ichimember\system\CodeIgniter.php(832): App\Controllers\Anggota->buatprofileproses()
#1 D:\wamp64\www\ichimember\system\CodeIgniter.php(419): CodeIgniter\CodeIgniter->runController(Object(App\Controllers\Anggota))
#2 D:\wamp64\www\ichimember\system\CodeIgniter.php(326): CodeIgniter\CodeIgniter->handleRequest(NULL, Object(Config\Cache), false)
#3 D:\wamp64\www\ichimember\public\index.php(37): CodeIgniter\CodeIgniter->run()
#4 {main}
CRITICAL - 2022-06-06 09:31:31 --> Undefined index: alamatkeja
#0 D:\wamp64\www\ichimember\app\Controllers\Anggota.php(54): CodeIgniter\Debug\Exceptions->errorHandler(8, 'Undefined index...', 'D:\\wamp64\\www\\i...', 54, Array)
#1 D:\wamp64\www\ichimember\system\CodeIgniter.php(832): App\Controllers\Anggota->profile()
#2 D:\wamp64\www\ichimember\system\CodeIgniter.php(419): CodeIgniter\CodeIgniter->runController(Object(App\Controllers\Anggota))
#3 D:\wamp64\www\ichimember\system\CodeIgniter.php(326): CodeIgniter\CodeIgniter->handleRequest(NULL, Object(Config\Cache), false)
#4 D:\wamp64\www\ichimember\public\index.php(37): CodeIgniter\CodeIgniter->run()
#5 {main}
CRITICAL - 2022-06-06 21:32:12 --> Undefined variable: notepl
#0 D:\wamp64\www\ichimember\app\Views\member\profile.php(55): CodeIgniter\Debug\Exceptions->errorHandler(8, 'Undefined varia...', 'D:\\wamp64\\www\\i...', 55, Array)
#1 D:\wamp64\www\ichimember\system\View\View.php(210): include('D:\\wamp64\\www\\i...')
#2 D:\wamp64\www\ichimember\system\View\View.php(213): CodeIgniter\View\View->CodeIgniter\View\{closure}()
#3 D:\wamp64\www\ichimember\system\Common.php(1089): CodeIgniter\View\View->render('member/profile', Array, true)
#4 D:\wamp64\www\ichimember\app\Controllers\Anggota.php(66): view('member/profile', Array)
#5 D:\wamp64\www\ichimember\system\CodeIgniter.php(832): App\Controllers\Anggota->profile()
#6 D:\wamp64\www\ichimember\system\CodeIgniter.php(419): CodeIgniter\CodeIgniter->runController(Object(App\Controllers\Anggota))
#7 D:\wamp64\www\ichimember\system\CodeIgniter.php(326): CodeIgniter\CodeIgniter->handleRequest(NULL, Object(Config\Cache), false)
#8 D:\wamp64\www\ichimember\public\index.php(37): CodeIgniter\CodeIgniter->run()
#9 {main}
CRITICAL - 2022-06-06 11:27:45 --> Undefined variable: id
#0 D:\wamp64\www\ichimember\app\Controllers\Anggota.php(396): CodeIgniter\Debug\Exceptions->errorHandler(8, 'Undefined varia...', 'D:\\wamp64\\www\\i...', 396, Array)
#1 D:\wamp64\www\ichimember\system\CodeIgniter.php(832): App\Controllers\Anggota->ubahpassproses()
#2 D:\wamp64\www\ichimember\system\CodeIgniter.php(419): CodeIgniter\CodeIgniter->runController(Object(App\Controllers\Anggota))
#3 D:\wamp64\www\ichimember\system\CodeIgniter.php(326): CodeIgniter\CodeIgniter->handleRequest(NULL, Object(Config\Cache), false)
#4 D:\wamp64\www\ichimember\public\index.php(37): CodeIgniter\CodeIgniter->run()
#5 {main}
CRITICAL - 2022-06-06 11:29:36 --> Undefined index: oldpass
#0 D:\wamp64\www\ichimember\app\Controllers\Anggota.php(56): CodeIgniter\Debug\Exceptions->errorHandler(8, 'Undefined index...', 'D:\\wamp64\\www\\i...', 56, Array)
#1 D:\wamp64\www\ichimember\system\CodeIgniter.php(832): App\Controllers\Anggota->profile()
#2 D:\wamp64\www\ichimember\system\CodeIgniter.php(419): CodeIgniter\CodeIgniter->runController(Object(App\Controllers\Anggota))
#3 D:\wamp64\www\ichimember\system\CodeIgniter.php(326): CodeIgniter\CodeIgniter->handleRequest(NULL, Object(Config\Cache), false)
#4 D:\wamp64\www\ichimember\public\index.php(37): CodeIgniter\CodeIgniter->run()
#5 {main}
CRITICAL - 2022-06-06 11:33:08 --> Argument 3 passed to App\Validation\check_oldpass::old_pass() must be of the type string or null, array given, called in D:\wamp64\www\ichimember\system\Validation\Validation.php on line 292
#0 D:\wamp64\www\ichimember\system\Validation\Validation.php(292): App\Validation\check_oldpass->old_pass('asdfasdfa', '{$user_id}', Array, NULL)
#1 D:\wamp64\www\ichimember\system\Validation\Validation.php(157): CodeIgniter\Validation\Validation->processRules('oldpass', 'Password Lama', 'asdfasdfa', Array, Array)
#2 D:\wamp64\www\ichimember\system\Controller.php(160): CodeIgniter\Validation\Validation->run()
#3 D:\wamp64\www\ichimember\app\Controllers\Anggota.php(311): CodeIgniter\Controller->validate(Array)
#4 D:\wamp64\www\ichimember\system\CodeIgniter.php(832): App\Controllers\Anggota->ubahpassproses()
#5 D:\wamp64\www\ichimember\system\CodeIgniter.php(419): CodeIgniter\CodeIgniter->runController(Object(App\Controllers\Anggota))
#6 D:\wamp64\www\ichimember\system\CodeIgniter.php(326): CodeIgniter\CodeIgniter->handleRequest(NULL, Object(Config\Cache), false)
#7 D:\wamp64\www\ichimember\public\index.php(37): CodeIgniter\CodeIgniter->run()
#8 {main}
CRITICAL - 2022-06-06 11:34:27 --> Trying to access array offset on value of type null
#0 D:\wamp64\www\ichimember\app\Validation\check_oldpass.php(12): CodeIgniter\Debug\Exceptions->errorHandler(8, 'Trying to acces...', 'D:\\wamp64\\www\\i...', 12, Array)
#1 D:\wamp64\www\ichimember\system\Validation\Validation.php(292): App\Validation\check_oldpass->old_pass('asdfasdfa', '{$user_id}', Array, NULL)
#2 D:\wamp64\www\ichimember\system\Validation\Validation.php(157): CodeIgniter\Validation\Validation->processRules('oldpass', 'Password Lama', 'asdfasdfa', Array, Array)
#3 D:\wamp64\www\ichimember\system\Controller.php(160): CodeIgniter\Validation\Validation->run()
#4 D:\wamp64\www\ichimember\app\Controllers\Anggota.php(311): CodeIgniter\Controller->validate(Array)
#5 D:\wamp64\www\ichimember\system\CodeIgniter.php(832): App\Controllers\Anggota->ubahpassproses()
#6 D:\wamp64\www\ichimember\system\CodeIgniter.php(419): CodeIgniter\CodeIgniter->runController(Object(App\Controllers\Anggota))
#7 D:\wamp64\www\ichimember\system\CodeIgniter.php(326): CodeIgniter\CodeIgniter->handleRequest(NULL, Object(Config\Cache), false)
#8 D:\wamp64\www\ichimember\public\index.php(37): CodeIgniter\CodeIgniter->run()
#9 {main}
CRITICAL - 2022-06-06 11:35:26 --> Return value of App\Validation\check_oldpass::old_pass() must be of the type bool, none returned
#0 D:\wamp64\www\ichimember\system\Validation\Validation.php(292): App\Validation\check_oldpass->old_pass('asdfasdfa', '{$user_id}', Array, NULL)
#1 D:\wamp64\www\ichimember\system\Validation\Validation.php(157): CodeIgniter\Validation\Validation->processRules('oldpass', 'Password Lama', 'asdfasdfa', Array, Array)
#2 D:\wamp64\www\ichimember\system\Controller.php(160): CodeIgniter\Validation\Validation->run()
#3 D:\wamp64\www\ichimember\app\Controllers\Anggota.php(311): CodeIgniter\Controller->validate(Array)
#4 D:\wamp64\www\ichimember\system\CodeIgniter.php(832): App\Controllers\Anggota->ubahpassproses()
#5 D:\wamp64\www\ichimember\system\CodeIgniter.php(419): CodeIgniter\CodeIgniter->runController(Object(App\Controllers\Anggota))
#6 D:\wamp64\www\ichimember\system\CodeIgniter.php(326): CodeIgniter\CodeIgniter->handleRequest(NULL, Object(Config\Cache), false)
#7 D:\wamp64\www\ichimember\public\index.php(37): CodeIgniter\CodeIgniter->run()
#8 {main}
CRITICAL - 2022-06-06 11:36:13 --> Trying to access array offset on value of type null
#0 D:\wamp64\www\ichimember\app\Validation\check_oldpass.php(13): CodeIgniter\Debug\Exceptions->errorHandler(8, 'Trying to acces...', 'D:\\wamp64\\www\\i...', 13, Array)
#1 D:\wamp64\www\ichimember\system\Validation\Validation.php(292): App\Validation\check_oldpass->old_pass('asdfasdfa', '{$user_id}', Array, NULL)
#2 D:\wamp64\www\ichimember\system\Validation\Validation.php(157): CodeIgniter\Validation\Validation->processRules('oldpass', 'Password Lama', 'asdfasdfa', Array, Array)
#3 D:\wamp64\www\ichimember\system\Controller.php(160): CodeIgniter\Validation\Validation->run()
#4 D:\wamp64\www\ichimember\app\Controllers\Anggota.php(311): CodeIgniter\Controller->validate(Array)
#5 D:\wamp64\www\ichimember\system\CodeIgniter.php(832): App\Controllers\Anggota->ubahpassproses()
#6 D:\wamp64\www\ichimember\system\CodeIgniter.php(419): CodeIgniter\CodeIgniter->runController(Object(App\Controllers\Anggota))
#7 D:\wamp64\www\ichimember\system\CodeIgniter.php(326): CodeIgniter\CodeIgniter->handleRequest(NULL, Object(Config\Cache), false)
#8 D:\wamp64\www\ichimember\public\index.php(37): CodeIgniter\CodeIgniter->run()
#9 {main}
CRITICAL - 2022-06-06 11:41:46 --> Argument 3 passed to App\Validation\check_oldpass::old_pass() must be of the type string or null, array given, called in D:\wamp64\www\ichimember\system\Validation\Validation.php on line 292
#0 D:\wamp64\www\ichimember\system\Validation\Validation.php(292): App\Validation\check_oldpass->old_pass('123texast82', '1', Array, NULL)
#1 D:\wamp64\www\ichimember\system\Validation\Validation.php(157): CodeIgniter\Validation\Validation->processRules('oldpass', 'Password Lama', '123texast82', Array, Array)
#2 D:\wamp64\www\ichimember\system\Controller.php(160): CodeIgniter\Validation\Validation->run()
#3 D:\wamp64\www\ichimember\app\Controllers\Anggota.php(311): CodeIgniter\Controller->validate(Array)
#4 D:\wamp64\www\ichimember\system\CodeIgniter.php(832): App\Controllers\Anggota->ubahpassproses()
#5 D:\wamp64\www\ichimember\system\CodeIgniter.php(419): CodeIgniter\CodeIgniter->runController(Object(App\Controllers\Anggota))
#6 D:\wamp64\www\ichimember\system\CodeIgniter.php(326): CodeIgniter\CodeIgniter->handleRequest(NULL, Object(Config\Cache), false)
#7 D:\wamp64\www\ichimember\public\index.php(37): CodeIgniter\CodeIgniter->run()
#8 {main}
CRITICAL - 2022-06-06 12:04:56 --> password_verify() expects parameter 1 to be string, array given
#0 [internal function]: CodeIgniter\Debug\Exceptions->errorHandler(2, 'password_verify...', 'D:\\wamp64\\www\\i...', 342, Array)
#1 D:\wamp64\www\ichimember\app\Controllers\Anggota.php(342): password_verify(Array, '123asdfadsf')
#2 D:\wamp64\www\ichimember\system\CodeIgniter.php(832): App\Controllers\Anggota->ubahpassproses()
#3 D:\wamp64\www\ichimember\system\CodeIgniter.php(419): CodeIgniter\CodeIgniter->runController(Object(App\Controllers\Anggota))
#4 D:\wamp64\www\ichimember\system\CodeIgniter.php(326): CodeIgniter\CodeIgniter->handleRequest(NULL, Object(Config\Cache), false)
#5 D:\wamp64\www\ichimember\public\index.php(37): CodeIgniter\CodeIgniter->run()
#6 {main}
CRITICAL - 2022-06-06 12:05:25 --> Too few arguments to function App\Controllers\Anggota::ubahpass(), 0 passed in D:\wamp64\www\ichimember\system\CodeIgniter.php on line 832 and exactly 1 expected
#0 D:\wamp64\www\ichimember\system\CodeIgniter.php(832): App\Controllers\Anggota->ubahpass()
#1 D:\wamp64\www\ichimember\system\CodeIgniter.php(419): CodeIgniter\CodeIgniter->runController(Object(App\Controllers\Anggota))
#2 D:\wamp64\www\ichimember\system\CodeIgniter.php(326): CodeIgniter\CodeIgniter->handleRequest(NULL, Object(Config\Cache), false)
#3 D:\wamp64\www\ichimember\public\index.php(37): CodeIgniter\CodeIgniter->run()
#4 {main}
CRITICAL - 2022-06-06 12:06:01 --> Too few arguments to function App\Controllers\Anggota::ubahpass(), 0 passed in D:\wamp64\www\ichimember\system\CodeIgniter.php on line 832 and exactly 1 expected
#0 D:\wamp64\www\ichimember\system\CodeIgniter.php(832): App\Controllers\Anggota->ubahpass()
#1 D:\wamp64\www\ichimember\system\CodeIgniter.php(419): CodeIgniter\CodeIgniter->runController(Object(App\Controllers\Anggota))
#2 D:\wamp64\www\ichimember\system\CodeIgniter.php(326): CodeIgniter\CodeIgniter->handleRequest(NULL, Object(Config\Cache), false)
#3 D:\wamp64\www\ichimember\public\index.php(37): CodeIgniter\CodeIgniter->run()
#4 {main}
