CRITICAL - 2022-05-29 04:37:27 --> Undefined variable: title
#0 D:\wamp64\www\ichimember\app\Views\main\template.php(8): CodeIgniter\Debug\Exceptions->errorHandler(8, 'Undefined varia...', 'D:\\wamp64\\www\\i...', 8, Array)
#1 D:\wamp64\www\ichimember\system\View\View.php(210): include('D:\\wamp64\\www\\i...')
#2 D:\wamp64\www\ichimember\system\View\View.php(213): CodeIgniter\View\View->CodeIgniter\View\{closure}()
#3 D:\wamp64\www\ichimember\system\View\View.php(226): CodeIgniter\View\View->render('main/template', Array, true)
#4 D:\wamp64\www\ichimember\system\Common.php(1089): CodeIgniter\View\View->render('main/daftar', Array, true)
#5 D:\wamp64\www\ichimember\app\Controllers\Home.php(19): view('main/daftar')
#6 D:\wamp64\www\ichimember\system\CodeIgniter.php(832): App\Controllers\Home->daftar()
#7 D:\wamp64\www\ichimember\system\CodeIgniter.php(419): CodeIgniter\CodeIgniter->runController(Object(App\Controllers\Home))
#8 D:\wamp64\www\ichimember\system\CodeIgniter.php(326): CodeIgniter\CodeIgniter->handleRequest(NULL, Object(Config\Cache), false)
#9 D:\wamp64\www\ichimember\public\index.php(37): CodeIgniter\CodeIgniter->run()
#10 {main}
CRITICAL - 2022-05-29 04:37:41 --> Undefined variable: title
#0 D:\wamp64\www\ichimember\app\Views\main\template.php(8): CodeIgniter\Debug\Exceptions->errorHandler(8, 'Undefined varia...', 'D:\\wamp64\\www\\i...', 8, Array)
#1 D:\wamp64\www\ichimember\system\View\View.php(210): include('D:\\wamp64\\www\\i...')
#2 D:\wamp64\www\ichimember\system\View\View.php(213): CodeIgniter\View\View->CodeIgniter\View\{closure}()
#3 D:\wamp64\www\ichimember\system\View\View.php(226): CodeIgniter\View\View->render('main/template', Array, true)
#4 D:\wamp64\www\ichimember\system\Common.php(1089): CodeIgniter\View\View->render('main/daftar', Array, true)
#5 D:\wamp64\www\ichimember\app\Controllers\Home.php(19): view('main/daftar')
#6 D:\wamp64\www\ichimember\system\CodeIgniter.php(832): App\Controllers\Home->daftar()
#7 D:\wamp64\www\ichimember\system\CodeIgniter.php(419): CodeIgniter\CodeIgniter->runController(Object(App\Controllers\Home))
#8 D:\wamp64\www\ichimember\system\CodeIgniter.php(326): CodeIgniter\CodeIgniter->handleRequest(NULL, Object(Config\Cache), false)
#9 D:\wamp64\www\ichimember\public\index.php(37): CodeIgniter\CodeIgniter->run()
#10 {main}
ERROR - 2022-05-29 04:55:07 --> Column 'username' cannot be null
CRITICAL - 2022-05-29 04:55:07 --> Column 'username' cannot be null
#0 D:\wamp64\www\ichimember\system\Database\MySQLi\Connection.php(292): mysqli->query('INSERT INTO `tb...', 0)
#1 D:\wamp64\www\ichimember\system\Database\BaseConnection.php(670): CodeIgniter\Database\MySQLi\Connection->execute('INSERT INTO `tb...')
#2 D:\wamp64\www\ichimember\system\Database\BaseConnection.php(598): CodeIgniter\Database\BaseConnection->simpleQuery('INSERT INTO `tb...')
#3 D:\wamp64\www\ichimember\system\Database\BaseBuilder.php(1771): CodeIgniter\Database\BaseConnection->query('INSERT INTO `tb...', Array, false)
#4 D:\wamp64\www\ichimember\system\Model.php(239): CodeIgniter\Database\BaseBuilder->insert()
#5 D:\wamp64\www\ichimember\system\BaseModel.php(738): CodeIgniter\Model->doInsert(Array)
#6 D:\wamp64\www\ichimember\system\Model.php(625): CodeIgniter\BaseModel->insert(Array, false)
#7 D:\wamp64\www\ichimember\system\BaseModel.php(658): CodeIgniter\Model->insert(Array, false)
#8 D:\wamp64\www\ichimember\app\Controllers\Home.php(94): CodeIgniter\BaseModel->save(Array)
#9 D:\wamp64\www\ichimember\system\CodeIgniter.php(832): App\Controllers\Home->daftarproses()
#10 D:\wamp64\www\ichimember\system\CodeIgniter.php(419): CodeIgniter\CodeIgniter->runController(Object(App\Controllers\Home))
#11 D:\wamp64\www\ichimember\system\CodeIgniter.php(326): CodeIgniter\CodeIgniter->handleRequest(NULL, Object(Config\Cache), false)
#12 D:\wamp64\www\ichimember\public\index.php(37): CodeIgniter\CodeIgniter->run()
#13 {main}
CRITICAL - 2022-05-29 10:56:36 --> Undefined variable: title_page
#0 D:\wamp64\www\ichimember\app\Views\member\template.php(7): CodeIgniter\Debug\Exceptions->errorHandler(8, 'Undefined varia...', 'D:\\wamp64\\www\\i...', 7, Array)
#1 D:\wamp64\www\ichimember\system\View\View.php(210): include('D:\\wamp64\\www\\i...')
#2 D:\wamp64\www\ichimember\system\View\View.php(213): CodeIgniter\View\View->CodeIgniter\View\{closure}()
#3 D:\wamp64\www\ichimember\system\View\View.php(226): CodeIgniter\View\View->render('member/template', Array, true)
#4 D:\wamp64\www\ichimember\system\Common.php(1089): CodeIgniter\View\View->render('member/dashboar...', Array, true)
#5 D:\wamp64\www\ichimember\app\Controllers\Anggota.php(17): view('member/dashboar...', Array)
#6 D:\wamp64\www\ichimember\system\CodeIgniter.php(832): App\Controllers\Anggota->index()
#7 D:\wamp64\www\ichimember\system\CodeIgniter.php(419): CodeIgniter\CodeIgniter->runController(Object(App\Controllers\Anggota))
#8 D:\wamp64\www\ichimember\system\CodeIgniter.php(326): CodeIgniter\CodeIgniter->handleRequest(NULL, Object(Config\Cache), false)
#9 D:\wamp64\www\ichimember\public\index.php(37): CodeIgniter\CodeIgniter->run()
#10 {main}
CRITICAL - 2022-05-29 10:57:02 --> Undefined variable: title_page
#0 D:\wamp64\www\ichimember\app\Views\member\template.php(162): CodeIgniter\Debug\Exceptions->errorHandler(8, 'Undefined varia...', 'D:\\wamp64\\www\\i...', 162, Array)
#1 D:\wamp64\www\ichimember\system\View\View.php(210): include('D:\\wamp64\\www\\i...')
#2 D:\wamp64\www\ichimember\system\View\View.php(213): CodeIgniter\View\View->CodeIgniter\View\{closure}()
#3 D:\wamp64\www\ichimember\system\View\View.php(226): CodeIgniter\View\View->render('member/template', Array, true)
#4 D:\wamp64\www\ichimember\system\Common.php(1089): CodeIgniter\View\View->render('member/dashboar...', Array, true)
#5 D:\wamp64\www\ichimember\app\Controllers\Anggota.php(17): view('member/dashboar...', Array)
#6 D:\wamp64\www\ichimember\system\CodeIgniter.php(832): App\Controllers\Anggota->index()
#7 D:\wamp64\www\ichimember\system\CodeIgniter.php(419): CodeIgniter\CodeIgniter->runController(Object(App\Controllers\Anggota))
#8 D:\wamp64\www\ichimember\system\CodeIgniter.php(326): CodeIgniter\CodeIgniter->handleRequest(NULL, Object(Config\Cache), false)
#9 D:\wamp64\www\ichimember\public\index.php(37): CodeIgniter\CodeIgniter->run()
#10 {main}
