ERROR - 2022-06-09 00:06:01 --> Unknown column 'thnmasuk' in 'order clause'
CRITICAL - 2022-06-09 00:06:01 --> Unknown column 'thnmasuk' in 'order clause'
#0 D:\wamp64\www\ichimember\system\Database\MySQLi\Connection.php(292): mysqli->query('SELECT *\nFROM `...', 0)
#1 D:\wamp64\www\ichimember\system\Database\BaseConnection.php(670): CodeIgniter\Database\MySQLi\Connection->execute('SELECT *\nFROM `...')
#2 D:\wamp64\www\ichimember\system\Database\BaseConnection.php(598): CodeIgniter\Database\BaseConnection->simpleQuery('SELECT *\nFROM `...')
#3 D:\wamp64\www\ichimember\system\Database\BaseBuilder.php(1455): CodeIgniter\Database\BaseConnection->query('SELECT *\nFROM `...', Array, false)
#4 D:\wamp64\www\ichimember\system\Model.php(183): CodeIgniter\Database\BaseBuilder->get()
#5 D:\wamp64\www\ichimember\system\BaseModel.php(584): CodeIgniter\Model->doFindAll(0, 0)
#6 D:\wamp64\www\ichimember\app\Controllers\Publikasi.php(17): CodeIgniter\BaseModel->findAll()
#7 D:\wamp64\www\ichimember\system\CodeIgniter.php(832): App\Controllers\Publikasi->index()
#8 D:\wamp64\www\ichimember\system\CodeIgniter.php(419): CodeIgniter\CodeIgniter->runController(Object(App\Controllers\Publikasi))
#9 D:\wamp64\www\ichimember\system\CodeIgniter.php(326): CodeIgniter\CodeIgniter->handleRequest(NULL, Object(Config\Cache), false)
#10 D:\wamp64\www\ichimember\public\index.php(37): CodeIgniter\CodeIgniter->run()
#11 {main}
CRITICAL - 2022-06-09 00:20:29 --> Invalid file: member/tambahpubvalid.php
#0 D:\wamp64\www\ichimember\system\View\View.php(198): CodeIgniter\Exceptions\FrameworkException::forInvalidFile('member/tambahpu...')
#1 D:\wamp64\www\ichimember\system\Common.php(1089): CodeIgniter\View\View->render('member/tambahpu...', Array, true)
#2 D:\wamp64\www\ichimember\app\Controllers\Publikasi.php(114): view('member/tambahpu...', Array)
#3 D:\wamp64\www\ichimember\system\CodeIgniter.php(832): App\Controllers\Publikasi->tambahpubproses()
#4 D:\wamp64\www\ichimember\system\CodeIgniter.php(419): CodeIgniter\CodeIgniter->runController(Object(App\Controllers\Publikasi))
#5 D:\wamp64\www\ichimember\system\CodeIgniter.php(326): CodeIgniter\CodeIgniter->handleRequest(NULL, Object(Config\Cache), false)
#6 D:\wamp64\www\ichimember\public\index.php(37): CodeIgniter\CodeIgniter->run()
#7 {main}
CRITICAL - 2022-06-09 16:33:50 --> Call to undefined method App\Models\Pubmodel::frst
#0 D:\wamp64\www\ichimember\app\Controllers\Anggota.php(30): CodeIgniter\Model->__call('frst', Array)
#1 D:\wamp64\www\ichimember\system\CodeIgniter.php(832): App\Controllers\Anggota->index()
#2 D:\wamp64\www\ichimember\system\CodeIgniter.php(419): CodeIgniter\CodeIgniter->runController(Object(App\Controllers\Anggota))
#3 D:\wamp64\www\ichimember\system\CodeIgniter.php(326): CodeIgniter\CodeIgniter->handleRequest(NULL, Object(Config\Cache), false)
#4 D:\wamp64\www\ichimember\public\index.php(37): CodeIgniter\CodeIgniter->run()
#5 {main}
CRITICAL - 2022-06-09 16:34:11 --> Uninitialized string offset: 4
#0 D:\wamp64\www\ichimember\app\Views\member\dashboard.php(50): CodeIgniter\Debug\Exceptions->errorHandler(8, 'Uninitialized s...', 'D:\\wamp64\\www\\i...', 50, Array)
#1 D:\wamp64\www\ichimember\system\View\View.php(210): include('D:\\wamp64\\www\\i...')
#2 D:\wamp64\www\ichimember\system\View\View.php(213): CodeIgniter\View\View->CodeIgniter\View\{closure}()
#3 D:\wamp64\www\ichimember\system\Common.php(1089): CodeIgniter\View\View->render('member/dashboar...', Array, true)
#4 D:\wamp64\www\ichimember\app\Controllers\Anggota.php(45): view('member/dashboar...', Array)
#5 D:\wamp64\www\ichimember\system\CodeIgniter.php(832): App\Controllers\Anggota->index()
#6 D:\wamp64\www\ichimember\system\CodeIgniter.php(419): CodeIgniter\CodeIgniter->runController(Object(App\Controllers\Anggota))
#7 D:\wamp64\www\ichimember\system\CodeIgniter.php(326): CodeIgniter\CodeIgniter->handleRequest(NULL, Object(Config\Cache), false)
#8 D:\wamp64\www\ichimember\public\index.php(37): CodeIgniter\CodeIgniter->run()
#9 {main}
CRITICAL - 2022-06-09 16:52:13 --> Undefined variable: logged_in
#0 D:\wamp64\www\ichimember\app\Views\main\template.php(95): CodeIgniter\Debug\Exceptions->errorHandler(8, 'Undefined varia...', 'D:\\wamp64\\www\\i...', 95, Array)
#1 D:\wamp64\www\ichimember\system\View\View.php(210): include('D:\\wamp64\\www\\i...')
#2 D:\wamp64\www\ichimember\system\View\View.php(213): CodeIgniter\View\View->CodeIgniter\View\{closure}()
#3 D:\wamp64\www\ichimember\system\View\View.php(226): CodeIgniter\View\View->render('main/template', Array, true)
#4 D:\wamp64\www\ichimember\system\Common.php(1089): CodeIgniter\View\View->render('main/daftar', Array, true)
#5 D:\wamp64\www\ichimember\app\Controllers\Home.php(23): view('main/daftar', Array)
#6 D:\wamp64\www\ichimember\system\CodeIgniter.php(832): App\Controllers\Home->daftar()
#7 D:\wamp64\www\ichimember\system\CodeIgniter.php(419): CodeIgniter\CodeIgniter->runController(Object(App\Controllers\Home))
#8 D:\wamp64\www\ichimember\system\CodeIgniter.php(326): CodeIgniter\CodeIgniter->handleRequest(NULL, Object(Config\Cache), false)
#9 D:\wamp64\www\ichimember\public\index.php(37): CodeIgniter\CodeIgniter->run()
#10 {main}
CRITICAL - 2022-06-09 20:39:41 --> Undefined variable: tipe_user
#0 D:\wamp64\www\ichimember\app\Views\member\template.php(132): CodeIgniter\Debug\Exceptions->errorHandler(8, 'Undefined varia...', 'D:\\wamp64\\www\\i...', 132, Array)
#1 D:\wamp64\www\ichimember\system\View\View.php(210): include('D:\\wamp64\\www\\i...')
#2 D:\wamp64\www\ichimember\system\View\View.php(213): CodeIgniter\View\View->CodeIgniter\View\{closure}()
#3 D:\wamp64\www\ichimember\system\View\View.php(226): CodeIgniter\View\View->render('member/template', Array, true)
#4 D:\wamp64\www\ichimember\system\Common.php(1089): CodeIgniter\View\View->render('member/konfirma...', Array, true)
#5 D:\wamp64\www\ichimember\app\Controllers\Anggota.php(698): view('member/konfirma...', Array)
#6 D:\wamp64\www\ichimember\system\CodeIgniter.php(832): App\Controllers\Anggota->konfirmasi()
#7 D:\wamp64\www\ichimember\system\CodeIgniter.php(419): CodeIgniter\CodeIgniter->runController(Object(App\Controllers\Anggota))
#8 D:\wamp64\www\ichimember\system\CodeIgniter.php(326): CodeIgniter\CodeIgniter->handleRequest(NULL, Object(Config\Cache), false)
#9 D:\wamp64\www\ichimember\public\index.php(37): CodeIgniter\CodeIgniter->run()
#10 {main}
CRITICAL - 2022-06-09 20:55:20 --> syntax error, unexpected end of file
#0 D:\wamp64\www\ichimember\system\View\View.php(213): CodeIgniter\View\View->CodeIgniter\View\{closure}()
#1 D:\wamp64\www\ichimember\system\Common.php(1089): CodeIgniter\View\View->render('member/ubahpera...', Array, true)
#2 D:\wamp64\www\ichimember\app\Controllers\Anggota.php(778): view('member/ubahpera...', Array)
#3 D:\wamp64\www\ichimember\system\CodeIgniter.php(832): App\Controllers\Anggota->ubahrole()
#4 D:\wamp64\www\ichimember\system\CodeIgniter.php(419): CodeIgniter\CodeIgniter->runController(Object(App\Controllers\Anggota))
#5 D:\wamp64\www\ichimember\system\CodeIgniter.php(326): CodeIgniter\CodeIgniter->handleRequest(NULL, Object(Config\Cache), false)
#6 D:\wamp64\www\ichimember\public\index.php(37): CodeIgniter\CodeIgniter->run()
#7 {main}
CRITICAL - 2022-06-09 20:58:40 --> syntax error, unexpected end of file
#0 D:\wamp64\www\ichimember\system\View\View.php(213): CodeIgniter\View\View->CodeIgniter\View\{closure}()
#1 D:\wamp64\www\ichimember\system\Common.php(1089): CodeIgniter\View\View->render('member/ubahpera...', Array, true)
#2 D:\wamp64\www\ichimember\app\Controllers\Anggota.php(778): view('member/ubahpera...', Array)
#3 D:\wamp64\www\ichimember\system\CodeIgniter.php(832): App\Controllers\Anggota->ubahrole()
#4 D:\wamp64\www\ichimember\system\CodeIgniter.php(419): CodeIgniter\CodeIgniter->runController(Object(App\Controllers\Anggota))
#5 D:\wamp64\www\ichimember\system\CodeIgniter.php(326): CodeIgniter\CodeIgniter->handleRequest(NULL, Object(Config\Cache), false)
#6 D:\wamp64\www\ichimember\public\index.php(37): CodeIgniter\CodeIgniter->run()
#7 {main}
CRITICAL - 2022-06-09 21:00:38 --> Undefined variable: issadmin
#0 D:\wamp64\www\ichimember\app\Views\member\ubahperan.php(12): CodeIgniter\Debug\Exceptions->errorHandler(8, 'Undefined varia...', 'D:\\wamp64\\www\\i...', 12, Array)
#1 D:\wamp64\www\ichimember\system\View\View.php(210): include('D:\\wamp64\\www\\i...')
#2 D:\wamp64\www\ichimember\system\View\View.php(213): CodeIgniter\View\View->CodeIgniter\View\{closure}()
#3 D:\wamp64\www\ichimember\system\Common.php(1089): CodeIgniter\View\View->render('member/ubahpera...', Array, true)
#4 D:\wamp64\www\ichimember\app\Controllers\Anggota.php(778): view('member/ubahpera...', Array)
#5 D:\wamp64\www\ichimember\system\CodeIgniter.php(832): App\Controllers\Anggota->ubahrole()
#6 D:\wamp64\www\ichimember\system\CodeIgniter.php(419): CodeIgniter\CodeIgniter->runController(Object(App\Controllers\Anggota))
#7 D:\wamp64\www\ichimember\system\CodeIgniter.php(326): CodeIgniter\CodeIgniter->handleRequest(NULL, Object(Config\Cache), false)
#8 D:\wamp64\www\ichimember\public\index.php(37): CodeIgniter\CodeIgniter->run()
#9 {main}
CRITICAL - 2022-06-09 21:10:13 --> Undefined variable: issadmin
#0 D:\wamp64\www\ichimember\app\Views\member\ubahperan.php(12): CodeIgniter\Debug\Exceptions->errorHandler(8, 'Undefined varia...', 'D:\\wamp64\\www\\i...', 12, Array)
#1 D:\wamp64\www\ichimember\system\View\View.php(210): include('D:\\wamp64\\www\\i...')
#2 D:\wamp64\www\ichimember\system\View\View.php(213): CodeIgniter\View\View->CodeIgniter\View\{closure}()
#3 D:\wamp64\www\ichimember\system\Common.php(1089): CodeIgniter\View\View->render('member/ubahpera...', Array, true)
#4 D:\wamp64\www\ichimember\app\Controllers\Anggota.php(778): view('member/ubahpera...', Array)
#5 D:\wamp64\www\ichimember\system\CodeIgniter.php(832): App\Controllers\Anggota->ubahrole()
#6 D:\wamp64\www\ichimember\system\CodeIgniter.php(419): CodeIgniter\CodeIgniter->runController(Object(App\Controllers\Anggota))
#7 D:\wamp64\www\ichimember\system\CodeIgniter.php(326): CodeIgniter\CodeIgniter->handleRequest(NULL, Object(Config\Cache), false)
#8 D:\wamp64\www\ichimember\public\index.php(37): CodeIgniter\CodeIgniter->run()
#9 {main}
