CRITICAL - 2022-06-15 02:10:02 --> Trying to access array offset on value of type null
#0 D:\wamp64\www\ichimember\app\Views\member\dashboard.php(53): CodeIgniter\Debug\Exceptions->errorHandler(8, 'Trying to acces...', 'D:\\wamp64\\www\\i...', 53, Array)
#1 D:\wamp64\www\ichimember\system\View\View.php(210): include('D:\\wamp64\\www\\i...')
#2 D:\wamp64\www\ichimember\system\View\View.php(213): CodeIgniter\View\View->CodeIgniter\View\{closure}()
#3 D:\wamp64\www\ichimember\system\Common.php(1089): CodeIgniter\View\View->render('member/dashboar...', Array, true)
#4 D:\wamp64\www\ichimember\app\Controllers\Superadmin.php(51): view('member/dashboar...', Array)
#5 D:\wamp64\www\ichimember\system\CodeIgniter.php(832): App\Controllers\Superadmin->index()
#6 D:\wamp64\www\ichimember\system\CodeIgniter.php(419): CodeIgniter\CodeIgniter->runController(Object(App\Controllers\Superadmin))
#7 D:\wamp64\www\ichimember\system\CodeIgniter.php(326): CodeIgniter\CodeIgniter->handleRequest(NULL, Object(Config\Cache), false)
#8 D:\wamp64\www\ichimember\public\index.php(37): CodeIgniter\CodeIgniter->run()
#9 {main}
ERROR - 2022-06-15 02:23:51 --> Unknown column 'dpr_id' in 'order clause'
CRITICAL - 2022-06-15 02:23:51 --> Unknown column 'dpr_id' in 'order clause'
#0 D:\wamp64\www\ichimember\system\Database\MySQLi\Connection.php(292): mysqli->query('SELECT *\nFROM `...', 0)
#1 D:\wamp64\www\ichimember\system\Database\BaseConnection.php(670): CodeIgniter\Database\MySQLi\Connection->execute('SELECT *\nFROM `...')
#2 D:\wamp64\www\ichimember\system\Database\BaseConnection.php(598): CodeIgniter\Database\BaseConnection->simpleQuery('SELECT *\nFROM `...')
#3 D:\wamp64\www\ichimember\system\Database\BaseBuilder.php(1455): CodeIgniter\Database\BaseConnection->query('SELECT *\nFROM `...', Array, false)
#4 D:\wamp64\www\ichimember\system\Model.php(183): CodeIgniter\Database\BaseBuilder->get()
#5 D:\wamp64\www\ichimember\system\BaseModel.php(584): CodeIgniter\Model->doFindAll(0, 0)
#6 D:\wamp64\www\ichimember\app\Controllers\Mananggota.php(16): CodeIgniter\BaseModel->findAll()
#7 D:\wamp64\www\ichimember\system\CodeIgniter.php(832): App\Controllers\Mananggota->index()
#8 D:\wamp64\www\ichimember\system\CodeIgniter.php(419): CodeIgniter\CodeIgniter->runController(Object(App\Controllers\Mananggota))
#9 D:\wamp64\www\ichimember\system\CodeIgniter.php(326): CodeIgniter\CodeIgniter->handleRequest(NULL, Object(Config\Cache), false)
#10 D:\wamp64\www\ichimember\public\index.php(37): CodeIgniter\CodeIgniter->run()
#11 {main}
CRITICAL - 2022-06-15 02:24:16 --> Undefined index: kodedpr
#0 D:\wamp64\www\ichimember\app\Views\member\mandpr.php(61): CodeIgniter\Debug\Exceptions->errorHandler(8, 'Undefined index...', 'D:\\wamp64\\www\\i...', 61, Array)
#1 D:\wamp64\www\ichimember\system\View\View.php(210): include('D:\\wamp64\\www\\i...')
#2 D:\wamp64\www\ichimember\system\View\View.php(213): CodeIgniter\View\View->CodeIgniter\View\{closure}()
#3 D:\wamp64\www\ichimember\system\Common.php(1089): CodeIgniter\View\View->render('member/mandpr', Array, true)
#4 D:\wamp64\www\ichimember\app\Controllers\Mananggota.php(28): view('member/mandpr', Array)
#5 D:\wamp64\www\ichimember\system\CodeIgniter.php(832): App\Controllers\Mananggota->index()
#6 D:\wamp64\www\ichimember\system\CodeIgniter.php(419): CodeIgniter\CodeIgniter->runController(Object(App\Controllers\Mananggota))
#7 D:\wamp64\www\ichimember\system\CodeIgniter.php(326): CodeIgniter\CodeIgniter->handleRequest(NULL, Object(Config\Cache), false)
#8 D:\wamp64\www\ichimember\public\index.php(37): CodeIgniter\CodeIgniter->run()
#9 {main}
CRITICAL - 2022-06-15 03:39:34 --> Invalid file: member/tambahmembervalid.php
#0 D:\wamp64\www\ichimember\system\View\View.php(198): CodeIgniter\Exceptions\FrameworkException::forInvalidFile('member/tambahme...')
#1 D:\wamp64\www\ichimember\system\Common.php(1089): CodeIgniter\View\View->render('member/tambahme...', Array, true)
#2 D:\wamp64\www\ichimember\app\Controllers\Mananggota.php(130): view('member/tambahme...', Array)
#3 D:\wamp64\www\ichimember\system\CodeIgniter.php(832): App\Controllers\Mananggota->tambahmemberproses()
#4 D:\wamp64\www\ichimember\system\CodeIgniter.php(419): CodeIgniter\CodeIgniter->runController(Object(App\Controllers\Mananggota))
#5 D:\wamp64\www\ichimember\system\CodeIgniter.php(326): CodeIgniter\CodeIgniter->handleRequest(NULL, Object(Config\Cache), false)
#6 D:\wamp64\www\ichimember\public\index.php(37): CodeIgniter\CodeIgniter->run()
#7 {main}
CRITICAL - 2022-06-15 17:47:46 --> Undefined variable: data
#0 D:\wamp64\www\ichimember\app\Controllers\Mananggota.php(276): CodeIgniter\Debug\Exceptions->errorHandler(8, 'Undefined varia...', 'D:\\wamp64\\www\\i...', 276, Array)
#1 D:\wamp64\www\ichimember\system\CodeIgniter.php(832): App\Controllers\Mananggota->ubahmemberproses()
#2 D:\wamp64\www\ichimember\system\CodeIgniter.php(419): CodeIgniter\CodeIgniter->runController(Object(App\Controllers\Mananggota))
#3 D:\wamp64\www\ichimember\system\CodeIgniter.php(326): CodeIgniter\CodeIgniter->handleRequest(NULL, Object(Config\Cache), false)
#4 D:\wamp64\www\ichimember\public\index.php(37): CodeIgniter\CodeIgniter->run()
#5 {main}
CRITICAL - 2022-06-15 21:30:45 --> Call to undefined method App\Models\Kerjamodel::order_by
#0 D:\wamp64\www\ichimember\app\Controllers\Mananggota.php(318): CodeIgniter\Model->__call('order_by', Array)
#1 D:\wamp64\www\ichimember\system\CodeIgniter.php(832): App\Controllers\Mananggota->profile('4')
#2 D:\wamp64\www\ichimember\system\CodeIgniter.php(419): CodeIgniter\CodeIgniter->runController(Object(App\Controllers\Mananggota))
#3 D:\wamp64\www\ichimember\system\CodeIgniter.php(326): CodeIgniter\CodeIgniter->handleRequest(NULL, Object(Config\Cache), false)
#4 D:\wamp64\www\ichimember\public\index.php(37): CodeIgniter\CodeIgniter->run()
#5 {main}
CRITICAL - 2022-06-15 21:35:17 --> Invalid file: member/profilemember.php
#0 D:\wamp64\www\ichimember\system\View\View.php(198): CodeIgniter\Exceptions\FrameworkException::forInvalidFile('member/profilem...')
#1 D:\wamp64\www\ichimember\system\Common.php(1089): CodeIgniter\View\View->render('member/profilem...', Array, true)
#2 D:\wamp64\www\ichimember\app\Controllers\Mananggota.php(359): view('member/profilem...', Array)
#3 D:\wamp64\www\ichimember\system\CodeIgniter.php(832): App\Controllers\Mananggota->profile('4')
#4 D:\wamp64\www\ichimember\system\CodeIgniter.php(419): CodeIgniter\CodeIgniter->runController(Object(App\Controllers\Mananggota))
#5 D:\wamp64\www\ichimember\system\CodeIgniter.php(326): CodeIgniter\CodeIgniter->handleRequest(NULL, Object(Config\Cache), false)
#6 D:\wamp64\www\ichimember\public\index.php(37): CodeIgniter\CodeIgniter->run()
#7 {main}
CRITICAL - 2022-06-15 21:40:58 --> Illegal string offset 'kodeanggota'
#0 D:\wamp64\www\ichimember\app\Views\member\profilemember.php(63): CodeIgniter\Debug\Exceptions->errorHandler(2, 'Illegal string ...', 'D:\\wamp64\\www\\i...', 63, Array)
#1 D:\wamp64\www\ichimember\system\View\View.php(210): include('D:\\wamp64\\www\\i...')
#2 D:\wamp64\www\ichimember\system\View\View.php(213): CodeIgniter\View\View->CodeIgniter\View\{closure}()
#3 D:\wamp64\www\ichimember\system\Common.php(1089): CodeIgniter\View\View->render('member/profilem...', Array, true)
#4 D:\wamp64\www\ichimember\app\Controllers\Mananggota.php(366): view('member/profilem...', Array)
#5 D:\wamp64\www\ichimember\system\CodeIgniter.php(832): App\Controllers\Mananggota->profile('4')
#6 D:\wamp64\www\ichimember\system\CodeIgniter.php(419): CodeIgniter\CodeIgniter->runController(Object(App\Controllers\Mananggota))
#7 D:\wamp64\www\ichimember\system\CodeIgniter.php(326): CodeIgniter\CodeIgniter->handleRequest(NULL, Object(Config\Cache), false)
#8 D:\wamp64\www\ichimember\public\index.php(37): CodeIgniter\CodeIgniter->run()
#9 {main}
CRITICAL - 2022-06-15 21:43:24 --> Illegal string offset 'kodeanggota'
#0 D:\wamp64\www\ichimember\app\Views\member\profilemember.php(63): CodeIgniter\Debug\Exceptions->errorHandler(2, 'Illegal string ...', 'D:\\wamp64\\www\\i...', 63, Array)
#1 D:\wamp64\www\ichimember\system\View\View.php(210): include('D:\\wamp64\\www\\i...')
#2 D:\wamp64\www\ichimember\system\View\View.php(213): CodeIgniter\View\View->CodeIgniter\View\{closure}()
#3 D:\wamp64\www\ichimember\system\Common.php(1089): CodeIgniter\View\View->render('member/profilem...', Array, true)
#4 D:\wamp64\www\ichimember\app\Controllers\Mananggota.php(366): view('member/profilem...', Array)
#5 D:\wamp64\www\ichimember\system\CodeIgniter.php(832): App\Controllers\Mananggota->profile('4')
#6 D:\wamp64\www\ichimember\system\CodeIgniter.php(419): CodeIgniter\CodeIgniter->runController(Object(App\Controllers\Mananggota))
#7 D:\wamp64\www\ichimember\system\CodeIgniter.php(326): CodeIgniter\CodeIgniter->handleRequest(NULL, Object(Config\Cache), false)
#8 D:\wamp64\www\ichimember\public\index.php(37): CodeIgniter\CodeIgniter->run()
#9 {main}
CRITICAL - 2022-06-15 21:47:10 --> Undefined variable: i
#0 D:\wamp64\www\ichimember\app\Views\member\profilemember.php(58): CodeIgniter\Debug\Exceptions->errorHandler(8, 'Undefined varia...', 'D:\\wamp64\\www\\i...', 58, Array)
#1 D:\wamp64\www\ichimember\system\View\View.php(210): include('D:\\wamp64\\www\\i...')
#2 D:\wamp64\www\ichimember\system\View\View.php(213): CodeIgniter\View\View->CodeIgniter\View\{closure}()
#3 D:\wamp64\www\ichimember\system\Common.php(1089): CodeIgniter\View\View->render('member/profilem...', Array, true)
#4 D:\wamp64\www\ichimember\app\Controllers\Mananggota.php(366): view('member/profilem...', Array)
#5 D:\wamp64\www\ichimember\system\CodeIgniter.php(832): App\Controllers\Mananggota->profile('4')
#6 D:\wamp64\www\ichimember\system\CodeIgniter.php(419): CodeIgniter\CodeIgniter->runController(Object(App\Controllers\Mananggota))
#7 D:\wamp64\www\ichimember\system\CodeIgniter.php(326): CodeIgniter\CodeIgniter->handleRequest(NULL, Object(Config\Cache), false)
#8 D:\wamp64\www\ichimember\public\index.php(37): CodeIgniter\CodeIgniter->run()
#9 {main}
CRITICAL - 2022-06-15 21:47:32 --> Undefined index: dpr_nama
#0 D:\wamp64\www\ichimember\app\Views\member\profilemember.php(64): CodeIgniter\Debug\Exceptions->errorHandler(8, 'Undefined index...', 'D:\\wamp64\\www\\i...', 64, Array)
#1 D:\wamp64\www\ichimember\system\View\View.php(210): include('D:\\wamp64\\www\\i...')
#2 D:\wamp64\www\ichimember\system\View\View.php(213): CodeIgniter\View\View->CodeIgniter\View\{closure}()
#3 D:\wamp64\www\ichimember\system\Common.php(1089): CodeIgniter\View\View->render('member/profilem...', Array, true)
#4 D:\wamp64\www\ichimember\app\Controllers\Mananggota.php(366): view('member/profilem...', Array)
#5 D:\wamp64\www\ichimember\system\CodeIgniter.php(832): App\Controllers\Mananggota->profile('4')
#6 D:\wamp64\www\ichimember\system\CodeIgniter.php(419): CodeIgniter\CodeIgniter->runController(Object(App\Controllers\Mananggota))
#7 D:\wamp64\www\ichimember\system\CodeIgniter.php(326): CodeIgniter\CodeIgniter->handleRequest(NULL, Object(Config\Cache), false)
#8 D:\wamp64\www\ichimember\public\index.php(37): CodeIgniter\CodeIgniter->run()
#9 {main}
CRITICAL - 2022-06-15 21:47:56 --> Invalid file: info_member/template.php
#0 D:\wamp64\www\ichimember\system\View\View.php(198): CodeIgniter\Exceptions\FrameworkException::forInvalidFile('info_member/tem...')
#1 D:\wamp64\www\ichimember\system\View\View.php(226): CodeIgniter\View\View->render('info_member/tem...', Array, true)
#2 D:\wamp64\www\ichimember\system\Common.php(1089): CodeIgniter\View\View->render('member/profilem...', Array, true)
#3 D:\wamp64\www\ichimember\app\Controllers\Mananggota.php(366): view('member/profilem...', Array)
#4 D:\wamp64\www\ichimember\system\CodeIgniter.php(832): App\Controllers\Mananggota->profile('4')
#5 D:\wamp64\www\ichimember\system\CodeIgniter.php(419): CodeIgniter\CodeIgniter->runController(Object(App\Controllers\Mananggota))
#6 D:\wamp64\www\ichimember\system\CodeIgniter.php(326): CodeIgniter\CodeIgniter->handleRequest(NULL, Object(Config\Cache), false)
#7 D:\wamp64\www\ichimember\public\index.php(37): CodeIgniter\CodeIgniter->run()
#8 {main}
